  [1m[35m (16.4ms)[0m  [1m[35mCREATE TABLE "schema_migrations" ("version" varchar NOT NULL PRIMARY KEY)[0m
  [1m[35m (12.0ms)[0m  [1m[35mCREATE TABLE "ar_internal_metadata" ("key" varchar NOT NULL PRIMARY KEY, "value" varchar, "created_at" datetime NOT NULL, "updated_at" datetime NOT NULL)[0m
  [1m[36mActiveRecord::SchemaMigration Load (0.2ms)[0m  [1m[34mSELECT "schema_migrations".* FROM "schema_migrations"[0m
Migrating to DeviseCreateUsers (20180124022851)
  [1m[35m (0.1ms)[0m  [1m[36mbegin transaction[0m
  [1m[35m (0.4ms)[0m  [1m[35mCREATE TABLE "users" ("id" INTEGER PRIMARY KEY AUTOINCREMENT NOT NULL, "email" varchar DEFAULT '' NOT NULL, "encrypted_password" varchar DEFAULT '' NOT NULL, "reset_password_token" varchar, "reset_password_sent_at" datetime, "remember_created_at" datetime, "sign_in_count" integer DEFAULT 0 NOT NULL, "current_sign_in_at" datetime, "last_sign_in_at" datetime, "current_sign_in_ip" varchar, "last_sign_in_ip" varchar, "created_at" datetime NOT NULL, "updated_at" datetime NOT NULL)[0m
  [1m[35m (0.1ms)[0m  [1m[34mselect sqlite_version(*)[0m
  [1m[35m (0.2ms)[0m  [1m[35mCREATE UNIQUE INDEX "index_users_on_email" ON "users" ("email")[0m
  [1m[35m (0.1ms)[0m  [1m[34m            SELECT sql
            FROM sqlite_master
            WHERE name='index_users_on_email' AND type='index'
            UNION ALL
            SELECT sql
            FROM sqlite_temp_master
            WHERE name='index_users_on_email' AND type='index'
[0m
  [1m[35m (0.2ms)[0m  [1m[35mCREATE UNIQUE INDEX "index_users_on_reset_password_token" ON "users" ("reset_password_token")[0m
  [1m[35mSQL (0.2ms)[0m  [1m[32mINSERT INTO "schema_migrations" ("version") VALUES (?)[0m  [["version", "20180124022851"]]
  [1m[35m (8.7ms)[0m  [1m[36mcommit transaction[0m
  [1m[36mActiveRecord::InternalMetadata Load (0.2ms)[0m  [1m[34mSELECT  "ar_internal_metadata".* FROM "ar_internal_metadata" WHERE "ar_internal_metadata"."key" = ? LIMIT ?[0m  [["key", "environment"], ["LIMIT", 1]]
  [1m[35m (0.1ms)[0m  [1m[36mbegin transaction[0m
  [1m[35mSQL (0.3ms)[0m  [1m[32mINSERT INTO "ar_internal_metadata" ("key", "value", "created_at", "updated_at") VALUES (?, ?, ?, ?)[0m  [["key", "environment"], ["value", "development"], ["created_at", "2018-01-24 02:33:11.909687"], ["updated_at", "2018-01-24 02:33:11.909687"]]
  [1m[35m (8.1ms)[0m  [1m[36mcommit transaction[0m
  [1m[36mActiveRecord::SchemaMigration Load (0.1ms)[0m  [1m[34mSELECT "schema_migrations".* FROM "schema_migrations"[0m
  [1m[35m (0.1ms)[0m  [1m[34m            SELECT sql
            FROM sqlite_master
            WHERE name='index_users_on_reset_password_token' AND type='index'
            UNION ALL
            SELECT sql
            FROM sqlite_temp_master
            WHERE name='index_users_on_reset_password_token' AND type='index'
[0m
  [1m[35m (0.1ms)[0m  [1m[34m            SELECT sql
            FROM sqlite_master
            WHERE name='index_users_on_email' AND type='index'
            UNION ALL
            SELECT sql
            FROM sqlite_temp_master
            WHERE name='index_users_on_email' AND type='index'
[0m
Started GET "/" for 127.0.0.1 at 2018-01-24 09:33:21 +0700
  [1m[36mActiveRecord::SchemaMigration Load (0.1ms)[0m  [1m[34mSELECT "schema_migrations".* FROM "schema_migrations"[0m
Processing by Rails::WelcomeController#index as HTML
  Parameters: {"internal"=>true}
  Rendering /home/thinhbui/.rvm/gems/ruby-2.4.2/gems/railties-5.0.6/lib/rails/templates/rails/welcome/index.html.erb
  Rendered /home/thinhbui/.rvm/gems/ruby-2.4.2/gems/railties-5.0.6/lib/rails/templates/rails/welcome/index.html.erb (2.7ms)
Completed 200 OK in 16ms (Views: 6.8ms | ActiveRecord: 0.0ms)


Started GET "/sign_in" for 127.0.0.1 at 2018-01-24 09:33:38 +0700
  
ActionController::RoutingError (No route matches [GET] "/sign_in"):
  
actionpack (5.0.6) lib/action_dispatch/middleware/debug_exceptions.rb:53:in `call'
web-console (3.5.1) lib/web_console/middleware.rb:135:in `call_app'
web-console (3.5.1) lib/web_console/middleware.rb:28:in `block in call'
web-console (3.5.1) lib/web_console/middleware.rb:18:in `catch'
web-console (3.5.1) lib/web_console/middleware.rb:18:in `call'
actionpack (5.0.6) lib/action_dispatch/middleware/show_exceptions.rb:31:in `call'
railties (5.0.6) lib/rails/rack/logger.rb:36:in `call_app'
railties (5.0.6) lib/rails/rack/logger.rb:24:in `block in call'
activesupport (5.0.6) lib/active_support/tagged_logging.rb:69:in `block in tagged'
activesupport (5.0.6) lib/active_support/tagged_logging.rb:26:in `tagged'
activesupport (5.0.6) lib/active_support/tagged_logging.rb:69:in `tagged'
railties (5.0.6) lib/rails/rack/logger.rb:24:in `call'
sprockets-rails (3.2.1) lib/sprockets/rails/quiet_assets.rb:13:in `call'
actionpack (5.0.6) lib/action_dispatch/middleware/request_id.rb:24:in `call'
rack (2.0.3) lib/rack/method_override.rb:22:in `call'
rack (2.0.3) lib/rack/runtime.rb:22:in `call'
activesupport (5.0.6) lib/active_support/cache/strategy/local_cache_middleware.rb:28:in `call'
actionpack (5.0.6) lib/action_dispatch/middleware/executor.rb:12:in `call'
actionpack (5.0.6) lib/action_dispatch/middleware/static.rb:136:in `call'
rack (2.0.3) lib/rack/sendfile.rb:111:in `call'
railties (5.0.6) lib/rails/engine.rb:522:in `call'
puma (3.11.2) lib/puma/configuration.rb:225:in `call'
puma (3.11.2) lib/puma/server.rb:624:in `handle_request'
puma (3.11.2) lib/puma/server.rb:438:in `process_client'
puma (3.11.2) lib/puma/server.rb:302:in `block in run'
puma (3.11.2) lib/puma/thread_pool.rb:120:in `block in spawn_thread'
  Rendering /home/thinhbui/.rvm/gems/ruby-2.4.2/gems/actionpack-5.0.6/lib/action_dispatch/middleware/templates/rescues/routing_error.html.erb within rescues/layout
  Rendering /home/thinhbui/.rvm/gems/ruby-2.4.2/gems/actionpack-5.0.6/lib/action_dispatch/middleware/templates/rescues/_trace.html.erb
  Rendered /home/thinhbui/.rvm/gems/ruby-2.4.2/gems/actionpack-5.0.6/lib/action_dispatch/middleware/templates/rescues/_trace.html.erb (3.2ms)
  Rendered collection of /home/thinhbui/.rvm/gems/ruby-2.4.2/gems/actionpack-5.0.6/lib/action_dispatch/middleware/templates/routes/_route.html.erb [15 times] (9.3ms)
  Rendered /home/thinhbui/.rvm/gems/ruby-2.4.2/gems/actionpack-5.0.6/lib/action_dispatch/middleware/templates/routes/_table.html.erb (11.7ms)
  Rendering /home/thinhbui/.rvm/gems/ruby-2.4.2/gems/actionpack-5.0.6/lib/action_dispatch/middleware/templates/rescues/_request_and_response.html.erb
  Rendered /home/thinhbui/.rvm/gems/ruby-2.4.2/gems/actionpack-5.0.6/lib/action_dispatch/middleware/templates/rescues/_request_and_response.html.erb (2.1ms)
  Rendered /home/thinhbui/.rvm/gems/ruby-2.4.2/gems/actionpack-5.0.6/lib/action_dispatch/middleware/templates/rescues/routing_error.html.erb within rescues/layout (59.2ms)
Started GET "/users/sign_up" for 127.0.0.1 at 2018-01-24 09:35:14 +0700
Processing by Devise::RegistrationsController#new as HTML
  Rendering /home/thinhbui/.rvm/gems/ruby-2.4.2/gems/devise-4.4.1/app/views/devise/registrations/new.html.erb within layouts/application
  Rendered /home/thinhbui/.rvm/gems/ruby-2.4.2/gems/devise-4.4.1/app/views/devise/shared/_links.html.erb (2.0ms)
  Rendered /home/thinhbui/.rvm/gems/ruby-2.4.2/gems/devise-4.4.1/app/views/devise/registrations/new.html.erb within layouts/application (21.7ms)
Completed 200 OK in 338ms (Views: 322.6ms | ActiveRecord: 0.6ms)


Started GET "/users/sign_in" for 127.0.0.1 at 2018-01-24 09:36:38 +0700
Processing by Devise::SessionsController#new as HTML
  Rendering /home/thinhbui/.rvm/gems/ruby-2.4.2/gems/devise-4.4.1/app/views/devise/sessions/new.html.erb within layouts/application
  Rendered /home/thinhbui/.rvm/gems/ruby-2.4.2/gems/devise-4.4.1/app/views/devise/shared/_links.html.erb (1.2ms)
  Rendered /home/thinhbui/.rvm/gems/ruby-2.4.2/gems/devise-4.4.1/app/views/devise/sessions/new.html.erb within layouts/application (9.2ms)
Completed 200 OK in 33ms (Views: 30.3ms | ActiveRecord: 0.0ms)


Started POST "/users/sign_in" for 127.0.0.1 at 2018-01-24 09:36:43 +0700
Processing by Devise::SessionsController#create as HTML
  Parameters: {"utf8"=>"✓", "authenticity_token"=>"HZttpjjtZl+Af/BBPPh/mQXuLbEKu3J5F9Z81HZvBBS5tSOz0IO2xX1nXDf5XOOjCBRYYyA39/KilFGgOzKi9Q==", "user"=>{"email"=>"thinhducbui94@gmail.com", "password"=>"[FILTERED]", "remember_me"=>"1"}, "commit"=>"Log in"}
  [1m[36mUser Load (0.4ms)[0m  [1m[34mSELECT  "users".* FROM "users" WHERE "users"."email" = ? ORDER BY "users"."id" ASC LIMIT ?[0m  [["email", "thinhducbui94@gmail.com"], ["LIMIT", 1]]
Completed 401 Unauthorized in 4ms (ActiveRecord: 0.4ms)


Processing by Devise::SessionsController#new as HTML
  Parameters: {"utf8"=>"✓", "authenticity_token"=>"HZttpjjtZl+Af/BBPPh/mQXuLbEKu3J5F9Z81HZvBBS5tSOz0IO2xX1nXDf5XOOjCBRYYyA39/KilFGgOzKi9Q==", "user"=>{"email"=>"thinhducbui94@gmail.com", "password"=>"[FILTERED]", "remember_me"=>"1"}, "commit"=>"Log in"}
  Rendering /home/thinhbui/.rvm/gems/ruby-2.4.2/gems/devise-4.4.1/app/views/devise/sessions/new.html.erb within layouts/application
  Rendered /home/thinhbui/.rvm/gems/ruby-2.4.2/gems/devise-4.4.1/app/views/devise/shared/_links.html.erb (0.9ms)
  Rendered /home/thinhbui/.rvm/gems/ruby-2.4.2/gems/devise-4.4.1/app/views/devise/sessions/new.html.erb within layouts/application (4.6ms)
Completed 200 OK in 163ms (Views: 24.0ms | ActiveRecord: 0.0ms)


  [1m[36mActiveRecord::SchemaMigration Load (0.2ms)[0m  [1m[34mSELECT "schema_migrations".* FROM "schema_migrations"[0m
Migrating to CreatePosts (20180124023936)
  [1m[35m (0.1ms)[0m  [1m[36mbegin transaction[0m
  [1m[35m (0.9ms)[0m  [1m[35mCREATE TABLE "posts" ("id" INTEGER PRIMARY KEY AUTOINCREMENT NOT NULL, "title" varchar, "body" text, "user_id" integer, "created_at" datetime NOT NULL, "updated_at" datetime NOT NULL)[0m
  [1m[35m (0.1ms)[0m  [1m[34mselect sqlite_version(*)[0m
  [1m[35m (0.2ms)[0m  [1m[35mCREATE  INDEX "index_posts_on_user_id" ON "posts" ("user_id")[0m
  [1m[35mSQL (0.2ms)[0m  [1m[32mINSERT INTO "schema_migrations" ("version") VALUES (?)[0m  [["version", "20180124023936"]]
  [1m[35m (21.5ms)[0m  [1m[36mcommit transaction[0m
Migrating to CreateComments (20180124024158)
  [1m[35m (0.1ms)[0m  [1m[36mbegin transaction[0m
  [1m[35m (1.1ms)[0m  [1m[35mCREATE TABLE "comments" ("id" INTEGER PRIMARY KEY AUTOINCREMENT NOT NULL, "user_id" integer, "post_id" integer, "content" text, "created_at" datetime NOT NULL, "updated_at" datetime NOT NULL)[0m
  [1m[35mSQL (0.2ms)[0m  [1m[32mINSERT INTO "schema_migrations" ("version") VALUES (?)[0m  [["version", "20180124024158"]]
  [1m[35m (14.1ms)[0m  [1m[36mcommit transaction[0m
Migrating to CreateLikePosts (20180124024647)
  [1m[35m (0.2ms)[0m  [1m[36mbegin transaction[0m
  [1m[35m (1.1ms)[0m  [1m[35mCREATE TABLE "like_posts" ("id" INTEGER PRIMARY KEY AUTOINCREMENT NOT NULL, "user_id" integer, "post_id" integer, "created_at" datetime NOT NULL, "updated_at" datetime NOT NULL)[0m
  [1m[35mSQL (0.2ms)[0m  [1m[32mINSERT INTO "schema_migrations" ("version") VALUES (?)[0m  [["version", "20180124024647"]]
  [1m[35m (15.3ms)[0m  [1m[36mcommit transaction[0m
  [1m[36mActiveRecord::InternalMetadata Load (0.2ms)[0m  [1m[34mSELECT  "ar_internal_metadata".* FROM "ar_internal_metadata" WHERE "ar_internal_metadata"."key" = ? LIMIT ?[0m  [["key", "environment"], ["LIMIT", 1]]
  [1m[35m (0.1ms)[0m  [1m[36mbegin transaction[0m
  [1m[35m (0.1ms)[0m  [1m[36mcommit transaction[0m
  [1m[36mActiveRecord::SchemaMigration Load (0.1ms)[0m  [1m[34mSELECT "schema_migrations".* FROM "schema_migrations"[0m
  [1m[35m (0.1ms)[0m  [1m[34m            SELECT sql
            FROM sqlite_master
            WHERE name='index_posts_on_user_id' AND type='index'
            UNION ALL
            SELECT sql
            FROM sqlite_temp_master
            WHERE name='index_posts_on_user_id' AND type='index'
[0m
  [1m[35m (0.1ms)[0m  [1m[34m            SELECT sql
            FROM sqlite_master
            WHERE name='index_users_on_reset_password_token' AND type='index'
            UNION ALL
            SELECT sql
            FROM sqlite_temp_master
            WHERE name='index_users_on_reset_password_token' AND type='index'
[0m
  [1m[35m (0.1ms)[0m  [1m[34m            SELECT sql
            FROM sqlite_master
            WHERE name='index_users_on_email' AND type='index'
            UNION ALL
            SELECT sql
            FROM sqlite_temp_master
            WHERE name='index_users_on_email' AND type='index'
[0m
